<?xml version="1.0" encoding="UTF-8"?>
<!-- Generated by org.testng.reporters.JUnitReportReporter -->
<testsuite skipped="0" hostname="Zekeriyas-MacBook-Pro-2.local" name="Tests.MainTest" tests="2" failures="0" timestamp="10 Mar 2020 21:59:37 GMT" time="12.776" errors="0">
  <testcase name="getTitle" time="4.217" classname="Tests.MainTest"/>
  <testcase name="phoneToSmartClick" time="8.559" classname="Tests.MainTest"/>
</testsuite> <!-- Tests.MainTest -->
