<?xml version="1.0" encoding="UTF-8"?>
<!-- Generated by org.testng.reporters.JUnitReportReporter -->
<testsuite skipped="0" hostname="Zekeriyas-MacBook-Pro-2.local" name="Tests.SmartPhoneTest" tests="2" failures="0" timestamp="10 Mar 2020 22:01:54 GMT" time="29.904" errors="0">
  <testcase name="getTitle" time="14.972" classname="Tests.SmartPhoneTest"/>
  <testcase name="phoneToSmartClick" time="14.932" classname="Tests.SmartPhoneTest"/>
</testsuite> <!-- Tests.SmartPhoneTest -->
