<?xml version="1.0" encoding="UTF-8"?>
<!-- Generated by org.testng.reporters.JUnitReportReporter -->
<testsuite skipped="0" hostname="Zekeriyas-MacBook-Pro-2.local" name="Tests.PhoneFeaturesTest" tests="2" failures="0" timestamp="10 Mar 2020 22:01:14 GMT" time="33.002" errors="0">
  <testcase name="getPageTitle" time="14.273" classname="Tests.PhoneFeaturesTest"/>
  <testcase name="features" time="18.729" classname="Tests.PhoneFeaturesTest"/>
</testsuite> <!-- Tests.PhoneFeaturesTest -->
