<?xml version="1.0" encoding="UTF-8"?>
<!-- Generated by org.testng.reporters.JUnitReportReporter -->
<testsuite skipped="0" hostname="Zekeriyas-MacBook-Pro-2.local" name="Tests.FinalTest" tests="1" failures="0" timestamp="10 Mar 2020 21:59:09 GMT" time="19.971" errors="0">
  <testcase name="getFinalTitle" time="19.971" classname="Tests.FinalTest"/>
</testsuite> <!-- Tests.FinalTest -->
